<?xml version="1.0" encoding="UTF-8"?>
<testsuite xmlns:xsi="http://www.w3.org/2001/XMLSchema-instance" xsi:noNamespaceSchemaLocation="https://maven.apache.org/surefire/maven-surefire-plugin/xsd/surefire-test-report-3.0.xsd" version="3.0" name="com.example.twitterapp.TwitterAppApplicationTests" time="16.515" tests="1" errors="0" skipped="0" failures="0">
  <properties>
[...]
</properties>
  <testcase name="contextLoads" classname="com.example.twitterapp.TwitterAppApplicationTests" time="0.844">
    <system-out><![CDATA[06:50:53.939 [main] INFO org.springframework.test.context.support.AnnotationConfigContextLoaderUtils -- Could not detect default configuration classes for test class [com.example.twitterapp.TwitterAppApplicationTests]: TwitterAppApplicationTests does not declare any static, non-private, non-final, nested classes annotated with @Configuration.
06:50:54.225 [main] INFO org.springframework.boot.test.context.SpringBootTestContextBootstrapper -- Found @SpringBootConfiguration com.example.twitterapp.TwitterAppApplication for test class com.example.twitterapp.TwitterAppApplicationTests

  .   ____          _            __ _ _
 /\\ / ___'_ __ _ _(_)_ __  __ _ \ \ \ \
( ( )\___ | '_ | '_| | '_ \/ _` | \ \ \ \
 \\/  ___)| |_)| | | | | || (_| |  ) ) ) )
  '  |____| .__|_| |_|_| |_\__, | / / / /
 =========|_|==============|___/=/_/_/_/

 :: Spring Boot ::               (v3.3.11)

2025-07-28T06:50:55.067-04:00  INFO 3589 --- [twitter-app] [           main] c.e.t.TwitterAppApplicationTests         : Starting TwitterAppApplicationTests using Java 17.0.15 with PID 3589 (started by root in /root/github_projects/terraform/twitter_clone)
2025-07-28T06:50:55.069-04:00  INFO 3589 --- [twitter-app] [           main] c.e.t.TwitterAppApplicationTests         : No active profile set, falling back to 1 default profile: "default"
2025-07-28T06:50:57.230-04:00  INFO 3589 --- [twitter-app] [           main] .s.d.r.c.RepositoryConfigurationDelegate : Bootstrapping Spring Data JPA repositories in DEFAULT mode.
2025-07-28T06:50:57.488-04:00  INFO 3589 --- [twitter-app] [           main] .s.d.r.c.RepositoryConfigurationDelegate : Finished Spring Data repository scanning in 220 ms. Found 2 JPA repository interfaces.
2025-07-28T06:50:58.847-04:00  INFO 3589 --- [twitter-app] [           main] com.zaxxer.hikari.HikariDataSource       : HikariPool-1 - Starting...
2025-07-28T06:50:59.726-04:00  INFO 3589 --- [twitter-app] [           main] com.zaxxer.hikari.pool.HikariPool        : HikariPool-1 - Added connection conn0: url=jdbc:h2:mem:twitterapp user=SA
2025-07-28T06:50:59.737-04:00  INFO 3589 --- [twitter-app] [           main] com.zaxxer.hikari.HikariDataSource       : HikariPool-1 - Start completed.
2025-07-28T06:50:59.884-04:00  INFO 3589 --- [twitter-app] [           main] o.hibernate.jpa.internal.util.LogHelper  : HHH000204: Processing PersistenceUnitInfo [name: default]
2025-07-28T06:51:00.174-04:00  INFO 3589 --- [twitter-app] [           main] org.hibernate.Version                    : HHH000412: Hibernate ORM core version 6.5.3.Final
2025-07-28T06:51:00.395-04:00  INFO 3589 --- [twitter-app] [           main] o.h.c.internal.RegionFactoryInitiator    : HHH000026: Second-level cache disabled
2025-07-28T06:51:01.774-04:00  INFO 3589 --- [twitter-app] [           main] o.s.o.j.p.SpringPersistenceUnitInfo      : No LoadTimeWeaver setup: ignoring JPA class transformer
2025-07-28T06:51:01.946-04:00  WARN 3589 --- [twitter-app] [           main] org.hibernate.orm.deprecation            : HHH90000025: H2Dialect does not need to be specified explicitly using 'hibernate.dialect' (remove the property setting and it will be selected by default)
2025-07-28T06:51:05.972-04:00  INFO 3589 --- [twitter-app] [           main] o.h.e.t.j.p.i.JtaPlatformInitiator       : HHH000489: No JTA platform available (set 'hibernate.transaction.jta.platform' to enable JTA platform integration)
2025-07-28T06:51:06.149-04:00  INFO 3589 --- [twitter-app] [           main] j.LocalContainerEntityManagerFactoryBean : Initialized JPA EntityManagerFactory for persistence unit 'default'
2025-07-28T06:51:07.349-04:00  WARN 3589 --- [twitter-app] [           main] JpaBaseConfiguration$JpaWebConfiguration : spring.jpa.open-in-view is enabled by default. Therefore, database queries may be performed during view rendering. Explicitly configure spring.jpa.open-in-view to disable this warning
2025-07-28T06:51:07.384-04:00  WARN 3589 --- [twitter-app] [           main] r$InitializeUserDetailsManagerConfigurer : Global AuthenticationManager configured with an AuthenticationProvider bean. UserDetailsService beans will not be used for username/password login. Consider removing the AuthenticationProvider bean. Alternatively, consider using the UserDetailsService in a manually instantiated DaoAuthenticationProvider.
2025-07-28T06:51:08.980-04:00  INFO 3589 --- [twitter-app] [           main] o.s.b.a.h2.H2ConsoleAutoConfiguration    : H2 console available at '/h2-console'. Database available at 'jdbc:h2:mem:twitterapp'
2025-07-28T06:51:09.066-04:00  INFO 3589 --- [twitter-app] [           main] c.e.t.TwitterAppApplicationTests         : Started TwitterAppApplicationTests in 14.476 seconds (process running for 17.386)
]]></system-out>
  </testcase>
</testsuite>